<?xml version="1.0" encoding="UTF-8"?>
<!-- Generated by org.testng.reporters.JUnitReportReporter -->
<testsuite hostname="DESKTOP-NT35EM5" failures="0" tests="1" name="testNGAnatation.Annotations" time="0.012" errors="0" timestamp="2023-12-01T12:15:20 IST" skipped="0">
  <testcase classname="testNGAnatation.Annotations" name="anntation_method" time="0.012">
    <system-out>
      <![CDATA[Test Annotation]]>
    </system-out>
  </testcase> <!-- anntation_method -->
  <system-out>
    <![CDATA[BeforeSuite
BeforeTest
BeforeClass
BeforeMethod
Test Annotation
BeforeSuite]]>
  </system-out>
</testsuite> <!-- testNGAnatation.Annotations -->
