<?xml version="1.0" encoding="UTF-8"?>
<!-- Generated by org.testng.reporters.JUnitReportReporter -->
<testsuite hostname="DESKTOP-NT35EM5" failures="0" tests="3" name="testNGAnatation.Flag1" time="0.025" errors="0" timestamp="2023-12-02T12:19:00 IST" skipped="0">
  <testcase classname="testNGAnatation.Flag1" name="method2" time="0.002">
    <system-out>
      <![CDATA[method for flag]]>
    </system-out>
  </testcase> <!-- method2 -->
  <testcase classname="testNGAnatation.Flag1" name="method" time="0.017">
    <system-out>
      <![CDATA[method for flag]]>
    </system-out>
  </testcase> <!-- method -->
  <testcase classname="testNGAnatation.Flag1" name="method1" time="0.006">
    <system-out>
      <![CDATA[method for flag]]>
    </system-out>
  </testcase> <!-- method1 -->
  <system-out>
    <![CDATA[method for flag
method for flag
method for flag]]>
  </system-out>
</testsuite> <!-- testNGAnatation.Flag1 -->
