<?xml version="1.0" encoding="UTF-8"?>
<!-- Generated by org.testng.reporters.JUnitReportReporter -->
<testsuite hostname="DESKTOP-NT35EM5" failures="0" tests="3" name="testNGAnatation.Flag7" time="0.023" errors="0" timestamp="2023-12-04T12:41:39 IST" skipped="0">
  <testcase classname="testNGAnatation.Flag7" name="integrationTestCase2" time="0.003">
    <system-out>
      <![CDATA[it2]]>
    </system-out>
  </testcase> <!-- integrationTestCase2 -->
  <testcase classname="testNGAnatation.Flag7" name="integrationTestCase" time="0.016">
    <system-out>
      <![CDATA[it1]]>
    </system-out>
  </testcase> <!-- integrationTestCase -->
  <testcase classname="testNGAnatation.Flag7" name="integrationTestCase3" time="0.004">
    <system-out>
      <![CDATA[it3]]>
    </system-out>
  </testcase> <!-- integrationTestCase3 -->
  <system-out>
    <![CDATA[it1
it2
it3]]>
  </system-out>
</testsuite> <!-- testNGAnatation.Flag7 -->
