<?xml version="1.0" encoding="UTF-8"?>
<!-- Generated by org.testng.reporters.JUnitReportReporter -->
<testsuite hostname="DESKTOP-NT35EM5" failures="0" tests="3" name="testNGAnatation.Flag5" time="0.025" errors="0" timestamp="2023-12-03T22:01:23 IST" skipped="0">
  <testcase classname="testNGAnatation.Flag5" name="loginMethod" time="0.004">
    <system-out>
      <![CDATA[Method1 For Login Page]]>
    </system-out>
  </testcase> <!-- loginMethod -->
  <testcase classname="testNGAnatation.Flag5" name="createUsersMethod" time="0.017">
    <system-out>
      <![CDATA[Method2 For Users Page ]]>
    </system-out>
  </testcase> <!-- createUsersMethod -->
  <testcase classname="testNGAnatation.Flag5" name="logoutMethod" time="0.004">
    <system-out>
      <![CDATA[Method3 For Logout Page ]]>
    </system-out>
  </testcase> <!-- logoutMethod -->
  <system-out>
    <![CDATA[Method2 For Users Page 
Method1 For Login Page
Method3 For Logout Page ]]>
  </system-out>
</testsuite> <!-- testNGAnatation.Flag5 -->
