<?xml version="1.0" encoding="UTF-8"?>
<!-- Generated by org.testng.reporters.JUnitReportReporter -->
<testsuite hostname="DESKTOP-NT35EM5" failures="0" tests="1" name="testNGExecution.Selenium" time="68.332" errors="0" timestamp="2023-11-30T11:59:07 IST" skipped="0">
  <testcase classname="testNGExecution.Selenium" name="java_method" time="68.332"/>
</testsuite> <!-- testNGExecution.Selenium -->
