<?xml version="1.0" encoding="UTF-8"?>
<!-- Generated by org.testng.reporters.JUnitReportReporter -->
<testsuite hostname="DESKTOP-NT35EM5" failures="0" tests="2" name="testNGExecution.Test3" time="0.029" errors="0" timestamp="2023-11-30T12:14:34 IST" skipped="0">
  <testcase classname="testNGExecution.Test3" name="method1" time="0.027">
    <system-out>
      <![CDATA[Method1 of test3]]>
    </system-out>
  </testcase> <!-- method1 -->
  <testcase classname="testNGExecution.Test3" name="method2" time="0.002">
    <system-out>
      <![CDATA[Method2 of test3]]>
    </system-out>
  </testcase> <!-- method2 -->
  <system-out>
    <![CDATA[Method1 of test3
Method2 of Test2
Method2 of Test1
Method1 of Test2
Method2 of test3]]>
  </system-out>
</testsuite> <!-- testNGExecution.Test3 -->
