<?xml version="1.0" encoding="UTF-8"?>
<!-- Generated by org.testng.reporters.JUnitReportReporter -->
<testsuite hostname="DESKTOP-NT35EM5" failures="0" tests="2" name="testNGAnatation.GoogleSearch" time="21.806" errors="0" timestamp="2023-12-01T12:40:49 IST" skipped="0">
  <testcase classname="testNGAnatation.GoogleSearch" name="search_selenium" time="13.010"/>
  <testcase classname="testNGAnatation.GoogleSearch" name="search_java" time="8.796"/>
</testsuite> <!-- testNGAnatation.GoogleSearch -->
