<?xml version="1.0" encoding="UTF-8"?>
<!-- Generated by org.testng.reporters.JUnitReportReporter -->
<testsuite hostname="DESKTOP-NT35EM5" failures="0" tests="2" name="testNG.Demo" time="0.009" errors="0" timestamp="2023-11-28T12:14:07 IST" skipped="0">
  <testcase classname="testNG.Demo" name="method1" time="0.005">
    <system-out>
      <![CDATA[Method1 of Demo]]>
    </system-out>
  </testcase> <!-- method1 -->
  <testcase classname="testNG.Demo" name="method2" time="0.004">
    <system-out>
      <![CDATA[Method2 of Demo]]>
    </system-out>
  </testcase> <!-- method2 -->
  <system-out>
    <![CDATA[Method1 of Sumo
Method2 of Sumo
Method1 of Remo
Method2 of Remo
Method1 of Demo
Method2 of Demo]]>
  </system-out>
</testsuite> <!-- testNG.Demo -->
